<testsuite name="Mocha Tests" tests="1" failures="0" errors="0" skipped="0" timestamp="Fri, 10 Apr 2015 02:53:34 GMT" time="0.004">
<testcase classname="helloApple" name="sayHello should return helloApple" time="0.001"/>
</testsuite>
